{"C:\\Users\\Heike\\Documents\\Proyectos\\laboratoria\\card_validation\\src\\validator.js": {"path":"C:\\Users\\Heike\\Documents\\Proyectos\\laboratoria\\card_validation\\src\\validator.js","all":false,"statementMap":{"0":{"start":{"line":1,"column":0},"end":{"line":1,"column":19}},"1":{"start":{"line":2,"column":0},"end":{"line":2,"column":40}},"2":{"start":{"line":3,"column":0},"end":{"line":3,"column":43}},"3":{"start":{"line":4,"column":0},"end":{"line":4,"column":17}},"4":{"start":{"line":5,"column":0},"end":{"line":5,"column":42}},"5":{"start":{"line":6,"column":0},"end":{"line":6,"column":0}},"6":{"start":{"line":7,"column":0},"end":{"line":7,"column":51}},"7":{"start":{"line":8,"column":0},"end":{"line":8,"column":30}},"8":{"start":{"line":9,"column":0},"end":{"line":9,"column":49}},"9":{"start":{"line":10,"column":0},"end":{"line":10,"column":42}},"10":{"start":{"line":11,"column":0},"end":{"line":11,"column":25}},"11":{"start":{"line":12,"column":0},"end":{"line":12,"column":63}},"12":{"start":{"line":13,"column":0},"end":{"line":13,"column":60}},"13":{"start":{"line":14,"column":0},"end":{"line":14,"column":40}},"14":{"start":{"line":15,"column":0},"end":{"line":15,"column":7}},"15":{"start":{"line":16,"column":0},"end":{"line":16,"column":5}},"16":{"start":{"line":17,"column":0},"end":{"line":17,"column":0}},"17":{"start":{"line":18,"column":0},"end":{"line":18,"column":44}},"18":{"start":{"line":19,"column":0},"end":{"line":19,"column":37}},"19":{"start":{"line":20,"column":0},"end":{"line":20,"column":36}},"20":{"start":{"line":21,"column":0},"end":{"line":21,"column":5}},"21":{"start":{"line":22,"column":0},"end":{"line":22,"column":39}},"22":{"start":{"line":23,"column":0},"end":{"line":23,"column":0}},"23":{"start":{"line":24,"column":0},"end":{"line":24,"column":26}},"24":{"start":{"line":25,"column":0},"end":{"line":25,"column":40}},"25":{"start":{"line":26,"column":0},"end":{"line":26,"column":17}},"26":{"start":{"line":27,"column":0},"end":{"line":27,"column":6}},"27":{"start":{"line":28,"column":0},"end":{"line":28,"column":0}},"28":{"start":{"line":29,"column":0},"end":{"line":29,"column":4}},"29":{"start":{"line":30,"column":0},"end":{"line":30,"column":0}},"30":{"start":{"line":31,"column":0},"end":{"line":31,"column":40}},"31":{"start":{"line":32,"column":0},"end":{"line":32,"column":38}},"32":{"start":{"line":33,"column":0},"end":{"line":33,"column":27}},"33":{"start":{"line":34,"column":0},"end":{"line":34,"column":5}},"34":{"start":{"line":35,"column":0},"end":{"line":35,"column":0}},"35":{"start":{"line":36,"column":0},"end":{"line":36,"column":10}},"36":{"start":{"line":37,"column":0},"end":{"line":37,"column":140}},"37":{"start":{"line":38,"column":0},"end":{"line":38,"column":21}},"38":{"start":{"line":39,"column":0},"end":{"line":39,"column":5}},"39":{"start":{"line":40,"column":0},"end":{"line":40,"column":3}},"40":{"start":{"line":41,"column":0},"end":{"line":41,"column":1}},"41":{"start":{"line":42,"column":0},"end":{"line":42,"column":0}},"42":{"start":{"line":43,"column":0},"end":{"line":43,"column":25}}},"s":{"0":1,"1":1,"2":3,"3":3,"4":3,"5":3,"6":3,"7":24,"8":24,"9":24,"10":24,"11":10,"12":10,"13":10,"14":10,"15":24,"16":3,"17":3,"18":48,"19":48,"20":48,"21":3,"22":3,"23":3,"24":3,"25":3,"26":3,"27":3,"28":3,"29":1,"30":1,"31":3,"32":1,"33":1,"34":3,"35":3,"36":3,"37":3,"38":3,"39":3,"40":1,"41":1,"42":1},"branchMap":{"0":{"type":"branch","line":2,"loc":{"start":{"line":2,"column":11},"end":{"line":29,"column":4}},"locations":[{"start":{"line":2,"column":11},"end":{"line":29,"column":4}}]},"1":{"type":"branch","line":7,"loc":{"start":{"line":7,"column":50},"end":{"line":16,"column":5}},"locations":[{"start":{"line":7,"column":50},"end":{"line":16,"column":5}}]},"2":{"type":"branch","line":11,"loc":{"start":{"line":11,"column":24},"end":{"line":15,"column":7}},"locations":[{"start":{"line":11,"column":24},"end":{"line":15,"column":7}}]},"3":{"type":"branch","line":18,"loc":{"start":{"line":18,"column":43},"end":{"line":21,"column":5}},"locations":[{"start":{"line":18,"column":43},"end":{"line":21,"column":5}}]},"4":{"type":"branch","line":31,"loc":{"start":{"line":31,"column":11},"end":{"line":40,"column":3}},"locations":[{"start":{"line":31,"column":11},"end":{"line":40,"column":3}}]},"5":{"type":"branch","line":32,"loc":{"start":{"line":32,"column":37},"end":{"line":34,"column":5}},"locations":[{"start":{"line":32,"column":37},"end":{"line":34,"column":5}}]}},"b":{"0":[3],"1":[24],"2":[10],"3":[48],"4":[3],"5":[1]},"fnMap":{"0":{"name":"isValid","decl":{"start":{"line":2,"column":11},"end":{"line":29,"column":4}},"loc":{"start":{"line":2,"column":11},"end":{"line":29,"column":4}},"line":2},"1":{"name":"maskify","decl":{"start":{"line":31,"column":11},"end":{"line":40,"column":3}},"loc":{"start":{"line":31,"column":11},"end":{"line":40,"column":3}},"line":31}},"f":{"0":3,"1":3}}
}
