TN:
SF:src\validator.js
FN:2,isValid
FN:31,maskify
FNF:2
FNH:2
FNDA:3,isValid
FNDA:3,maskify
DA:1,1
DA:2,1
DA:3,3
DA:4,3
DA:5,3
DA:6,3
DA:7,3
DA:8,24
DA:9,24
DA:10,24
DA:11,24
DA:12,10
DA:13,10
DA:14,10
DA:15,10
DA:16,24
DA:17,3
DA:18,3
DA:19,48
DA:20,48
DA:21,48
DA:22,3
DA:23,3
DA:24,3
DA:25,3
DA:26,3
DA:27,3
DA:28,3
DA:29,3
DA:30,1
DA:31,1
DA:32,3
DA:33,1
DA:34,1
DA:35,3
DA:36,3
DA:37,3
DA:38,3
DA:39,3
DA:40,3
DA:41,1
DA:42,1
DA:43,1
LF:43
LH:43
BRDA:2,0,0,3
BRDA:7,1,0,24
BRDA:11,2,0,10
BRDA:18,3,0,48
BRDA:31,4,0,3
BRDA:32,5,0,1
BRF:6
BRH:6
end_of_record
